<?xml version="1.0" encoding="UTF-8"?>
<testng-results skipped="0" failed="0" ignored="0" total="1" passed="1">
  <reporter-output>
  </reporter-output>
  <suite name="Default suite" duration-ms="74919" started-at="2024-03-28T11:27:52 EDT" finished-at="2024-03-28T11:29:07 EDT">
    <groups>
    </groups>
    <test name="Default test" duration-ms="74919" started-at="2024-03-28T11:27:52 EDT" finished-at="2024-03-28T11:29:07 EDT">
      <class name="org.appiumautomation.TheScoreApp.MobileAppLogin">
        <test-method status="PASS" signature="setMobileCapabilities()[pri:0, instance:org.appiumautomation.TheScoreApp.MobileAppLogin@11438d26]" name="setMobileCapabilities" is-config="true" duration-ms="15365" started-at="2024-03-28T11:27:52 EDT" finished-at="2024-03-28T11:28:08 EDT">
          <reporter-output>
          </reporter-output>
        </test-method> <!-- setMobileCapabilities -->
        <test-method status="PASS" signature="lauchApp()[pri:0, instance:org.appiumautomation.TheScoreApp.MobileAppLogin@11438d26]" name="lauchApp" duration-ms="58512" started-at="2024-03-28T11:28:08 EDT" finished-at="2024-03-28T11:29:06 EDT">
          <reporter-output>
          </reporter-output>
        </test-method> <!-- lauchApp -->
        <test-method status="PASS" signature="teardownSteps()[pri:0, instance:org.appiumautomation.TheScoreApp.MobileAppLogin@11438d26]" name="teardownSteps" is-config="true" duration-ms="1006" started-at="2024-03-28T11:29:06 EDT" finished-at="2024-03-28T11:29:07 EDT">
          <reporter-output>
          </reporter-output>
        </test-method> <!-- teardownSteps -->
      </class> <!-- org.appiumautomation.TheScoreApp.MobileAppLogin -->
    </test> <!-- Default test -->
  </suite> <!-- Default suite -->
</testng-results>
